<?xml version="1.0" encoding="UTF-8"?>
<!-- Generated by org.testng.reporters.JUnitReportReporter -->
<testsuite hostname="HYD-T3LYTBHULZN" failures="0" tests="5" name="com.taskmanager.util.DateValidatorTest" time="0.011" errors="0" timestamp="2025-10-04T11:34:03 IST" skipped="0">
  <testcase classname="com.taskmanager.util.DateValidatorTest" name="testParseDate" time="0.001"/>
  <system-out/>
  <testcase classname="com.taskmanager.util.DateValidatorTest" name="testParseDate" time="0.000"/>
  <system-out/>
  <testcase classname="com.taskmanager.util.DateValidatorTest" name="testParseDate" time="0.008"/>
  <system-out/>
  <testcase classname="com.taskmanager.util.DateValidatorTest" name="testParseDate" time="0.001"/>
  <system-out/>
  <testcase classname="com.taskmanager.util.DateValidatorTest" name="testParseDate" time="0.001"/>
  <system-out/>
</testsuite> <!-- com.taskmanager.util.DateValidatorTest -->
