<?xml version="1.0" encoding="UTF-8"?>
<!-- Generated by org.testng.reporters.JUnitReportReporter -->
<testsuite hostname="HYD-T3LYTBHULZN" failures="0" tests="2" name="com.taskmanager.service.ReportServiceTests" time="0.008" errors="0" timestamp="2025-10-04T11:34:03 IST" skipped="0">
  <testcase classname="com.taskmanager.service.ReportServiceTests" name="testPrioritySummary" time="0.004"/>
  <system-out/>
  <testcase classname="com.taskmanager.service.ReportServiceTests" name="testStatusSummary" time="0.004"/>
  <system-out/>
</testsuite> <!-- com.taskmanager.service.ReportServiceTests -->
