<?xml version="1.0" encoding="UTF-8"?>
<!-- Generated by org.testng.reporters.JUnitReportReporter -->
<testsuite hostname="HYD-T3LYTBHULZN" failures="0" tests="14" name="com.taskmanager.service.TaskServiceTests" time="0.032" errors="0" timestamp="2025-10-04T11:34:03 IST" skipped="0">
  <testcase classname="com.taskmanager.service.TaskServiceTests" name="testUpdateNonExistingTaskThrows" time="0.001"/>
  <system-out/>
  <testcase classname="com.taskmanager.service.TaskServiceTests" name="testCreateTaskWithDifferentPriorities" time="0.002"/>
  <system-out/>
  <testcase classname="com.taskmanager.service.TaskServiceTests" name="testDueDateValidation" time="0.004"/>
  <system-out/>
  <testcase classname="com.taskmanager.service.TaskServiceTests" name="testTaskWithLargeDescription" time="0.002"/>
  <system-out/>
  <testcase classname="com.taskmanager.service.TaskServiceTests" name="testCreateTaskWithDifferentPriorities" time="0.001"/>
  <system-out/>
  <testcase classname="com.taskmanager.service.TaskServiceTests" name="testDuplicateTaskCreationThrows" time="0.002"/>
  <system-out/>
  <testcase classname="com.taskmanager.service.TaskServiceTests" name="testDueDateValidation" time="0.001"/>
  <system-out/>
  <testcase classname="com.taskmanager.service.TaskServiceTests" name="testCreateTaskWithDifferentPriorities" time="0.007"/>
  <system-out/>
  <testcase classname="com.taskmanager.service.TaskServiceTests" name="testCreateTaskWithEmptyTitleThrows" time="0.002"/>
  <system-out/>
  <testcase classname="com.taskmanager.service.TaskServiceTests" name="testDueDateValidation" time="0.001"/>
  <system-out/>
  <testcase classname="com.taskmanager.service.TaskServiceTests" name="testGetTasksByStatusReturnsCorrectList" time="0.004"/>
  <system-out/>
  <testcase classname="com.taskmanager.service.TaskServiceTests" name="testCreateTask" time="0.001"/>
  <system-out/>
  <testcase classname="com.taskmanager.service.TaskServiceTests" name="testUpdateTask" time="0.001"/>
  <system-out/>
  <testcase classname="com.taskmanager.service.TaskServiceTests" name="testDeleteTaskAndEnsureRemoval" time="0.003"/>
  <system-out/>
</testsuite> <!-- com.taskmanager.service.TaskServiceTests -->
